{
  "stats": {
    "suites": 1,
    "tests": 1,
    "passes": 1,
    "pending": 0,
    "failures": 0,
    "start": "2021-03-13T09:33:40.161Z",
    "end": "2021-03-13T09:33:54.093Z",
    "duration": 13932,
    "testsRegistered": 1,
    "passPercent": 100,
    "pendingPercent": 0,
    "other": 0,
    "hasOther": false,
    "skipped": 0,
    "hasSkipped": false
  },
  "results": [
    {
      "uuid": "7bd52889-37f7-44e7-93dd-c402ccbe6174",
      "title": "",
      "fullFile": "cypress\\integration\\examples\\Alert.js",
      "file": "cypress\\integration\\examples\\Alert.js",
      "beforeHooks": [],
      "afterHooks": [],
      "tests": [],
      "suites": [
        {
          "uuid": "3eb8cd1e-e0fd-4340-9472-5064df822083",
          "title": "My Second Test Suite",
          "fullFile": "",
          "file": "",
          "beforeHooks": [],
          "afterHooks": [],
          "tests": [
            {
              "title": "My FirstTest case",
              "fullTitle": "My Second Test Suite My FirstTest case",
              "timedOut": null,
              "duration": 9735,
              "state": "passed",
              "speed": "slow",
              "pass": true,
              "fail": false,
              "pending": false,
              "context": null,
              "code": "cy.visit(\"http://qaclickacademy.com/practice.php\");\ncy.get('#alertbtn').click();\ncy.get('[value=\"Confirm\"]').click(); //window:alert\ncy.on('window:alert', function (str) {\n  //Mocha\n  expect(str).to.equal('Hello , share this practice page and share your knowledge');\n});\ncy.on('window:confirm', function (str) {\n  //Mocha\n  expect(str).to.equal('Hello , Are you sure you want to confirm?'); // return false\n});",
              "err": {},
              "uuid": "e96034e9-9f5e-4f9b-920e-4197cdacb095",
              "parentUUID": "3eb8cd1e-e0fd-4340-9472-5064df822083",
              "isHook": false,
              "skipped": false
            }
          ],
          "suites": [],
          "passes": [
            "e96034e9-9f5e-4f9b-920e-4197cdacb095"
          ],
          "failures": [],
          "pending": [],
          "skipped": [],
          "duration": 9735,
          "root": false,
          "rootEmpty": false,
          "_timeout": 2000
        }
      ],
      "passes": [],
      "failures": [],
      "pending": [],
      "skipped": [],
      "duration": 0,
      "root": true,
      "rootEmpty": true,
      "_timeout": 2000
    }
  ],
  "meta": {
    "mocha": {
      "version": "7.0.1"
    },
    "mochawesome": {
      "options": {
        "quiet": false,
        "reportFilename": "mochawesome",
        "saveHtml": true,
        "saveJson": true,
        "consoleReporter": "spec",
        "useInlineDiffs": false,
        "code": true
      },
      "version": "6.2.2"
    },
    "marge": {
      "options": null,
      "version": "5.2.0"
    }
  }
}